<?xml version="1.0" encoding="UTF-8"?>
<TestRun id="9c3ebbe8-adf1-4736-95c3-8c7cd5f3fc0e" name="cjones9@SW-GBHA-TDSD095 2010-03-24 18:42:11" runUser="EMEA\cjones9" xmlns="http://microsoft.com/schemas/VisualStudio/TeamTest/2006">
  <TestRunConfiguration name="Local Test Run" id="1da33c47-155a-482f-8daf-30cc6f6cb7d1">
    <Description>This is a default test run configuration for a local test run.</Description>
    <Deployment runDeploymentRoot="C:\Documents and Settings\cjones\My Documents\Project SPICE\Disney.Spice.POUI\TestResults\cjones9_SW-GBHA-TDSD095 2010-03-24 18_42_11" />
    <TestTypeSpecific />
  </TestRunConfiguration>
  <ResultSummary outcome="Completed">
    <Counters total="1" executed="1" passed="1" error="0" failed="0" timeout="0" aborted="0" inconclusive="0" passedButRunAborted="0" notRunnable="0" notExecuted="0" disconnected="0" warning="0" completed="0" inProgress="0" pending="0" />
  </ResultSummary>
  <Times creation="2010-03-24T18:42:11.1727449+00:00" queuing="2010-03-24T18:42:12.7664847+00:00" start="2010-03-24T18:42:13.0321080+00:00" finish="2010-03-24T18:42:13.4696052+00:00" />
  <TestDefinitions>
    <UnitTest name="TestMethod1" storage="c:\documents and settings\cjones\my documents\project spice\testpoui\bin\debug\testpoui.dll" id="14ac971d-3ef3-39d6-926c-e0881460b365">
      <Css projectStructure="" iteration="" />
      <Owners>
        <Owner name="" />
      </Owners>
      <Execution id="7a8be39b-78a8-4410-afcc-3bbe9cb3edd0" />
      <TestMethod codeBase="C:\Documents and Settings\cjones\My Documents\Project SPICE\TestPOUI\bin\Debug\TestPOUI.dll" adapterTypeName="Microsoft.VisualStudio.TestTools.TestTypes.Unit.UnitTestAdapter, Microsoft.VisualStudio.QualityTools.Tips.UnitTest.Adapter, Version=9.0.0.0, Culture=neutral, PublicKeyToken=b03f5f7f11d50a3a" className="TestPOUI.UnitTest1, TestPOUI" name="TestMethod1" />
    </UnitTest>
  </TestDefinitions>
  <TestLists>
    <TestList name="Results Not in a List" id="8c84fa94-04c1-424b-9868-57a2d4851a1d" />
    <TestList name="All Loaded Results" id="19431567-8539-422a-85d7-44ee4e166bda" />
  </TestLists>
  <TestEntries>
    <TestEntry testId="14ac971d-3ef3-39d6-926c-e0881460b365" executionId="7a8be39b-78a8-4410-afcc-3bbe9cb3edd0" testListId="8c84fa94-04c1-424b-9868-57a2d4851a1d" />
  </TestEntries>
  <Results>
    <UnitTestResult executionId="7a8be39b-78a8-4410-afcc-3bbe9cb3edd0" testId="14ac971d-3ef3-39d6-926c-e0881460b365" testName="TestMethod1" computerName="SW-GBHA-TDSD095" duration="00:00:00.0112928" startTime="2010-03-24T18:42:13.1414823+00:00" endTime="2010-03-24T18:42:13.4071056+00:00" testType="13cdc9d9-ddb5-4fa4-a97d-d965ccfc6d4b" outcome="Passed" testListId="8c84fa94-04c1-424b-9868-57a2d4851a1d">
      <Output>
      </Output>
    </UnitTestResult>
  </Results>
</TestRun>